<?xml version="1.0" encoding="UTF-8"?>
<!-- Generated by org.testng.reporters.JUnitReportReporter -->
<testsuite hostname="DESKTOP-QVRHRRK" name="com.selenium.quickstart.AppiumTest" tests="1" failures="0" timestamp="16 Mar 2019 13:04:06 GMT" time="0.012" errors="0">
  <testcase name="test" time="0.012" classname="com.selenium.quickstart.AppiumTest"/>
</testsuite> <!-- com.selenium.quickstart.AppiumTest -->
