<?xml version="1.0" encoding="UTF-8"?>
<!-- Generated by org.testng.reporters.JUnitReportReporter -->
<testsuite hostname="DESKTOP-QVRHRRK" name="com.selenium.quickstart.SeleniumTest" tests="1" failures="0" timestamp="16 Mar 2019 13:01:54 GMT" time="0.006" errors="0">
  <testcase name="test" time="0.006" classname="com.selenium.quickstart.SeleniumTest"/>
</testsuite> <!-- com.selenium.quickstart.SeleniumTest -->
