<?xml version="1.0" encoding="UTF-8"?>
<!-- Generated by org.testng.reporters.JUnitReportReporter -->
<testsuite hostname="DESKTOP-QVRHRRK" failures="0" tests="1" name="com.selenium.quickstart.AppTest" time="0.028" errors="0" timestamp="15 Mar 2019 17:13:22 GMT">
  <testcase classname="com.selenium.quickstart.AppTest" name="testApp" time="0.028"/>
</testsuite> <!-- com.selenium.quickstart.AppTest -->
