<?xml version="1.0" encoding="UTF-8"?>
<!-- Generated by org.testng.reporters.JUnitReportReporter -->
<testsuite skipped="0" hostname="DESKTOP-QVRHRRK" name="com.Freecrm.AppiumTest" tests="1" failures="0" timestamp="16 Mar 2019 11:23:22 GMT" time="0.007" errors="0">
  <testcase name="test" time="0.007" classname="com.Freecrm.AppiumTest"/>
</testsuite> <!-- com.Freecrm.AppiumTest -->
